[36mCommunity Packages (39)[39m /Users/Fineart/.atom/packages
├── advanced-open-file@0.16.7
├── atom-autocomplete-php@0.25.6
├── atom-beautify@0.30.9
├── autocomplete-bash-builtins@0.3.5
├── autocomplete-ctags@0.4.1
├── autocomplete-json@5.5.2
├── autocomplete-jsp@1.2.1
├── autocomplete-python@1.10.5
├── autocomplete-sql@0.5.0
├── busy-signal@1.4.3
├── emmet@2.4.3
├── flex-tool-bar@0.13.1
├── git-plus@7.10.0
├── git-time-machine@1.5.9
├── goldfish-dark-ui@0.1.0
├── goldfish-dark-vivid-syntax@1.8.0
├── hyperclick@0.1.5
├── javascript-snippets@1.2.1
├── jquery-snippets@11.0.0
├── js-hyperclick@1.12.2
├── language-babel@2.81.1
├── language-blade@0.38.0
├── language-dotfiles@1.1.0
├── language-gitignore@0.3.0
├── language-htaccess@0.2.0
├── language-ini@1.19.0
├── language-markdown@0.25.1
├── language-nginx@0.8.0
├── language-unix-shell@0.40.1
├── laravel@0.7.1
├── merge-conflicts@1.4.5
├── php-hyperclick@1.2.1
├── pretty-json@1.6.4
├── project-manager@3.3.5
├── remote-sync@4.1.8
├── sass-autocompile@0.13.3
├── sort-lines@0.18.0
├── spaces-in-braces@0.1.0
└── tool-bar@1.1.4

