aces_container
ack
afsctool
angular-cli
apktool
apm-bash-completion
apm-server
ascii
autoconf
autoconf-archive
automake
babel
babeld
bash
bash-completion
bash-git-prompt
bash-snippets
bcrypt
bgrep
binutils
bison
bmake
bmon
boost
boost@1.60
bower
browser
bundler-completion
bzip2
cairo
calc
cask
ccat
cfssl
chcase
chrome-cli
chromedriver
cimg
clang-format
clojure
clojurescript
cmake
cocoapods
coffeescript
confuse
coreutils
crush-tools
css-crush
csvprintf
csvtomd
ctl
cucumber-cpp
curl
curlftpfs
daemontools
dateutils
emacs
epstool
exiftool
ffmpeg
findutils
flac
flow-tools
fontconfig
fonttools
freetds
freetype
fsevents-tools
gdbm
gettext
ghostscript
gif2png
git-extras
glib
gmp
gnutls
go
goenv
gsasl
hfsutils
html-xml-utils
icu4c
id3tool
ilmbase
imagemagick
inetutils
ipv6toolkit
jpeg
jpeginfo
jpegoptim
lame
languagetool
libebml
libffi
libgcrypt
libgpg-error
libidn
libidn2
libiodbc
libmagic
libmatroska
libnfc
liboauth
libogg
libpng
libsass
libsvg
libsvg-cairo
libtasn1
libtiff
libtool
libunistring
libusb
libusb-compat
libvorbis
libxml2
libxmlsec1
libyaml
lighttpd
little-cms2
log4shib
mailutils
mdbtools
mjpegtools
mkvtoolnix
mruby
mruby-cli
nasm
nettle
node
node-build
node@6
nodeenv
nodenv
oath-toolkit
ocaml
ocamlbuild
ogmtools
openexr
openssl
openssl@1.1
osxutils
p11-kit
pcre
perl-build
pgtoolkit
php-build
php71
php71-pdo-dblib
php71-pdo-pgsql
php71-xdebug
pipenv
pixman
pkg-config
png2ico
popt
postgresql
psqlodbc
psutils
pyenv
python3
rbenv
readline
renameutils
rlwrap
rmate
rsync
ruby
ruby-build
ruby-completion
s-lang
sassc
sbuild
sqlite
sqliteodbc
ssh-copy-id
svg2png
texi2html
tiff2png
uniutils
unixodbc
watchman
webkit2png
wget
x264
xdebug-osx
xerces-c
xml-coreutils
xml-security-c
xml-tooling-c
xmlsectool
xvid
xz
yarn
youtube-dl
