actioncable
actionmailer
actionpack
actionview
activejob
activemodel
activerecord
activesupport
arel
autoprefixer-rails
bigdecimal
bootstrap-sass
bootstrap-sass-extras
builder
bundler
cmath
concurrent-ruby
crass
csv
date
dbm
did_you_mean
erubi
etc
execjs
fcntl
ffi
fiddle
fileutils
globalid
i18n
io-console
ipaddr
json
loofah
mail
method_source
mini_mime
mini_portile2
minitest
net-telnet
nio4r
nokogiri
openssl
power_assert
psych
rack
rack-test
rails
rails-dom-testing
rails-html-sanitizer
railties
rake
rb-fsevent
rb-inotify
rdoc
sass
sass-listen
scanf
sdbm
sprockets
sprockets-rails
stringio
strscan
test-unit
thor
thread_safe
tzinfo
webrick
websocket-driver
websocket-extensions
xmlrpc
zlib
