/usr/local/lib
@angular/animations
@angular/cdk
@angular/cli
@angular/common
@angular/compiler
@angular/core
@angular/flex-layout@2.0.0-beta.12
@angular/material
@angular/platform-browser
@angular/router
@segment/to-iso-string
angular
angular-ui-bootstrap
axios
babel-cli
babel-core
babel-eslint
binding
clang
compile
eslint
eslint-loader
fs-extra
graceful-fs
grunt
grunt-autoprefixer
grunt-babel
grunt-concurrent
grunt-contrib-clean
grunt-contrib-coffee
grunt-contrib-compress
grunt-contrib-htmlmin
grunt-contrib-imagemin
grunt-contrib-requirejs
grunt-contrib-uglify
grunt-exec
grunt-replace
grunt-sass
grunt-shell
grunt-svgmin
grunt-webpack
gulp
gulp-angular-templatecache
gulp-autoprefixer
gulp-babel
gulp-clean-css
gulp-cli
gulp-concat
gulp-eslint
gulp-if
gulp-less
gulp-postcss
gulp-rename
gulp-rev
gulp-sourcemaps
gulp-typescript
gulp-uglify
hpm-cli
jasmine-node
jquery
less
marked
nan
node-gyp
node-sass
nodemailer
nodemon
npm
nslog
parse
parse-json
path-parse
postcss-sass
protractor
pug@2.0.0-rc.4
rxjs
tern
ts-loader
ts-node
tslint
typescript
webpack
zone.js

