Bash completion has been installed to:
  /usr/local/etc/bash_completion.d


# GEM
# --------------------------------------------------------

bigdecimal (1.2.8)
bundler (2.0.1, 1.17.3)
certified (1.0.0)
CFPropertyList (2.2.8)
did_you_mean (1.0.0)
faraday (0.15.4)
ffi (1.10.0)
filetree (1.0.0)
io-console (0.4.5)
jruby-jars (1.7.27)
jruby-parser (0.5.4)
json (1.8.3.1)
kramdown (1.16.2)
kramdown-rfc2629 (1.2.9)
libxml-ruby (2.9.0)
minitest (5.8.5)
multipart-post (2.0.0)
mustermann (1.0.3)
net-telnet (0.1.1)
nokogiri (1.5.6)
power_assert (0.2.6)
psych (2.1.0.1)
rack (2.0.6)
rack-protection (2.0.5)
rake (10.4.2)
rdoc (4.2.1)
rsense (0.5.18)
rsense-core (0.6.6)
rsense-server (0.5.18)
rsync (1.0.9)
sinatra (2.0.5)
spoon (0.0.6)
sqlite3 (1.3.11)
test-unit (3.1.5)
thor (0.19.4)
tilt (2.0.9)



# NPM
# --------------------------------------------------------

babel@6.23.0
babel-preset-env@1.7.0
broken-link-checker@0.7.8
coffeescript@2.3.2
cross-env@5.2.0
fontello-cli@0.4.0
grunt-cli@1.3.2
gulp@4.0.0
gulp-cli@2.0.1
laravel-mix@4.0.14
newman@4.4.0
node-sass@4.11.0
npm@6.9.0
rsync@0.6.1
webpack@4.29.0
webpack-cli@3.2.3
yarn@1.12.3



# Homebrew
# --------------------------------------------------------

apr, apr-util, argon2, asciidoc, aspell, augeas, autoconf,
boost, bower, brotli, c-ares, certbot, cmake, curl-openssl,
dialog, docbook, docbook-xsl, dyld-headers, exa, freetds,
freetype, gdbm, gettext, gifsicle, glib, gmp, gnu-getopt,
icu4c, jansson, jemalloc, jpeg, jpegoptim, libev, libevent,
libffi, libiconv, libidn2, libpng, libpq, libsass, libsodium,
libtiff, libtool, libunistring, libzip, little-cms2, ncurses,
nghttp2, node, node@8, openldap, openssl, optipng, pcre,
php@7.2, pngquant, python, readline, source-highlight,
sqlite, ssh-copy-id, svgo, tidy-html5, unixodbc, webp,
wget, wp-cli, xmlto, xz,



# Composer
# --------------------------------------------------------

laravel/installer                  v2.0.1  Laravel application installer.
mailgun/mailgun-php                2.8.1   The Mailgun SDK provides methods for all API functions.
myclabs/deep-copy                  1.8.1   Create deep copies (clones) of your objects
phar-io/manifest                   1.0.3   Component for reading phar.io manifest information from a PHP Archive (PHAR)
phar-io/version                    2.0.1   Library for handling version information and constraints
php-http/client-common             1.9.1   Common HTTP Client implementations and tools for HTTPlug
php-http/discovery                 1.6.1   Finds installed HTTPlug implementations and PSR-7 message factories
php-http/httplug                   v1.1.0  HTTPlug, the HTTP client abstraction for PHP
php-http/message                   1.7.2   HTTP Message related tools
php-http/message-factory           v1.0.2  Factory interfaces for PSR-7 HTTP Message
php-http/multipart-stream-builder  1.0.0   A builder class that help you create a multipart stream
php-http/promise                   v1.0.0  Promise used for asynchronous HTTP requests
phpdocumentor/reflection-common    1.0.1   Common reflection classes used by phpdocumentor to reflect the code structure
phpdocumentor/reflection-docblock  4.3.0   With this component, a library can provide support for annotations via DocBlocks or otherwise retrieve information that is embedded in a DocBlock.
phpdocumentor/type-resolver        0.4.0
phpspec/prophecy                   1.8.0   Highly opinionated mocking framework for PHP 5.3+
phpunit/php-code-coverage          7.0.2   Library that provides collection, processing, and rendering functionality for PHP code coverage information.
phpunit/php-file-iterator          2.0.2   FilterIterator implementation that filters files based on a list of suffixes.
phpunit/php-text-template          1.2.1   Simple template engine.
phpunit/php-timer                  2.1.1   Utility class for timing
phpunit/php-token-stream           3.0.1   Wrapper around PHP's tokenizer extension.
phpunit/phpunit                    8.0.4   The PHP Unit Testing framework.
psr/http-message                   1.0.1   Common interface for HTTP messages
ralouphie/getallheaders            2.0.5   A polyfill for getallheaders.
sebastian/code-unit-reverse-lookup 1.0.1   Looks up which function or method a line of code belongs to
sebastian/comparator               3.0.2   Provides the functionality to compare PHP values for equality
sebastian/diff                     3.0.2   Diff implementation
sebastian/environment              4.1.0   Provides functionality to handle HHVM/PHP environments
sebastian/exporter                 3.1.0   Provides the functionality to export PHP variables for visualization
sebastian/global-state             3.0.0   Snapshotting of global state
sebastian/object-enumerator        3.0.3   Traverses array structures and object graphs to enumerate all referenced objects
sebastian/object-reflector         1.1.1   Allows reflection of object attributes, including inherited and non-public ones
sebastian/recursion-context        3.0.0   Provides functionality to recursively process PHP variables
sebastian/resource-operations      2.0.1   Provides a list of PHP built-in functions that operate on resources
sebastian/version                  2.0.1   Library that helps with managing the version number of Git-hosted PHP projects
statamic/cli                       1.0.5   Statamic CLI Tool
symfony/console                    v4.2.3  Symfony Console Component
symfony/contracts                  v1.0.2  A set of abstractions extracted out of the Symfony components
symfony/filesystem                 v4.2.3  Symfony Filesystem Component
symfony/options-resolver           v4.2.3  Symfony OptionsResolver Component
symfony/polyfill-ctype             v1.10.0 Symfony polyfill for ctype functions
symfony/polyfill-mbstring          v1.10.0 Symfony polyfill for the Mbstring extension
symfony/process                    v4.2.3  Symfony Process Component
theseer/tokenizer                  1.1.0   A small library for converting tokenized PHP source code into XML and potentially other formats
webmozart/assert                   1.4.0   Assertions to validate method input/output with nice error messages.



